Determining if the Q_WS_WIN exist failed with the following output:
Change Dir: /media/Datos/Desarrollo/QtSDK/StereoVision/build/CMakeFiles/CMakeTmp

Run Build Command:/usr/bin/make "cmTryCompileExec3179968931/fast"
/usr/bin/make -f CMakeFiles/cmTryCompileExec3179968931.dir/build.make CMakeFiles/cmTryCompileExec3179968931.dir/build
make[1]: se ingresa al directorio «/media/Datos/Desarrollo/QtSDK/StereoVision/build/CMakeFiles/CMakeTmp»
/usr/bin/cmake -E cmake_progress_report /media/Datos/Desarrollo/QtSDK/StereoVision/build/CMakeFiles/CMakeTmp/CMakeFiles 1
Building CXX object CMakeFiles/cmTryCompileExec3179968931.dir/CheckSymbolExists.cxx.o
/usr/bin/c++    -I/usr/include/qt4    -o CMakeFiles/cmTryCompileExec3179968931.dir/CheckSymbolExists.cxx.o -c /media/Datos/Desarrollo/QtSDK/StereoVision/build/CMakeFiles/CMakeTmp/CheckSymbolExists.cxx
/media/Datos/Desarrollo/QtSDK/StereoVision/build/CMakeFiles/CMakeTmp/CheckSymbolExists.cxx: En la función ‘int main(int, char**)’:
/media/Datos/Desarrollo/QtSDK/StereoVision/build/CMakeFiles/CMakeTmp/CheckSymbolExists.cxx:8:19: error: ‘Q_WS_WIN’ no se declaró en este ámbito
make[1]: *** [CMakeFiles/cmTryCompileExec3179968931.dir/CheckSymbolExists.cxx.o] Error 1
make[1]: se sale del directorio «/media/Datos/Desarrollo/QtSDK/StereoVision/build/CMakeFiles/CMakeTmp»
make: *** [cmTryCompileExec3179968931/fast] Error 2

File /media/Datos/Desarrollo/QtSDK/StereoVision/build/CMakeFiles/CMakeTmp/CheckSymbolExists.cxx:
/* */
#include <QtCore/qglobal.h>

int main(int argc, char** argv)
{
  (void)argv;
#ifndef Q_WS_WIN
  return ((int*)(&Q_WS_WIN))[argc];
#else
  (void)argc;
  return 0;
#endif
}

Determining if the Q_WS_QWS exist failed with the following output:
Change Dir: /media/Datos/Desarrollo/QtSDK/StereoVision/build/CMakeFiles/CMakeTmp

Run Build Command:/usr/bin/make "cmTryCompileExec3129176289/fast"
/usr/bin/make -f CMakeFiles/cmTryCompileExec3129176289.dir/build.make CMakeFiles/cmTryCompileExec3129176289.dir/build
make[1]: se ingresa al directorio «/media/Datos/Desarrollo/QtSDK/StereoVision/build/CMakeFiles/CMakeTmp»
/usr/bin/cmake -E cmake_progress_report /media/Datos/Desarrollo/QtSDK/StereoVision/build/CMakeFiles/CMakeTmp/CMakeFiles 1
Building CXX object CMakeFiles/cmTryCompileExec3129176289.dir/CheckSymbolExists.cxx.o
/usr/bin/c++    -I/usr/include/qt4    -o CMakeFiles/cmTryCompileExec3129176289.dir/CheckSymbolExists.cxx.o -c /media/Datos/Desarrollo/QtSDK/StereoVision/build/CMakeFiles/CMakeTmp/CheckSymbolExists.cxx
/media/Datos/Desarrollo/QtSDK/StereoVision/build/CMakeFiles/CMakeTmp/CheckSymbolExists.cxx: En la función ‘int main(int, char**)’:
/media/Datos/Desarrollo/QtSDK/StereoVision/build/CMakeFiles/CMakeTmp/CheckSymbolExists.cxx:8:19: error: ‘Q_WS_QWS’ no se declaró en este ámbito
make[1]: *** [CMakeFiles/cmTryCompileExec3129176289.dir/CheckSymbolExists.cxx.o] Error 1
make[1]: se sale del directorio «/media/Datos/Desarrollo/QtSDK/StereoVision/build/CMakeFiles/CMakeTmp»
make: *** [cmTryCompileExec3129176289/fast] Error 2

File /media/Datos/Desarrollo/QtSDK/StereoVision/build/CMakeFiles/CMakeTmp/CheckSymbolExists.cxx:
/* */
#include <QtCore/qglobal.h>

int main(int argc, char** argv)
{
  (void)argv;
#ifndef Q_WS_QWS
  return ((int*)(&Q_WS_QWS))[argc];
#else
  (void)argc;
  return 0;
#endif
}

Determining if the Q_WS_MAC exist failed with the following output:
Change Dir: /media/Datos/Desarrollo/QtSDK/StereoVision/build/CMakeFiles/CMakeTmp

Run Build Command:/usr/bin/make "cmTryCompileExec298374684/fast"
/usr/bin/make -f CMakeFiles/cmTryCompileExec298374684.dir/build.make CMakeFiles/cmTryCompileExec298374684.dir/build
make[1]: se ingresa al directorio «/media/Datos/Desarrollo/QtSDK/StereoVision/build/CMakeFiles/CMakeTmp»
/usr/bin/cmake -E cmake_progress_report /media/Datos/Desarrollo/QtSDK/StereoVision/build/CMakeFiles/CMakeTmp/CMakeFiles 1
Building CXX object CMakeFiles/cmTryCompileExec298374684.dir/CheckSymbolExists.cxx.o
/usr/bin/c++    -I/usr/include/qt4    -o CMakeFiles/cmTryCompileExec298374684.dir/CheckSymbolExists.cxx.o -c /media/Datos/Desarrollo/QtSDK/StereoVision/build/CMakeFiles/CMakeTmp/CheckSymbolExists.cxx
/media/Datos/Desarrollo/QtSDK/StereoVision/build/CMakeFiles/CMakeTmp/CheckSymbolExists.cxx: En la función ‘int main(int, char**)’:
/media/Datos/Desarrollo/QtSDK/StereoVision/build/CMakeFiles/CMakeTmp/CheckSymbolExists.cxx:8:19: error: ‘Q_WS_MAC’ no se declaró en este ámbito
make[1]: *** [CMakeFiles/cmTryCompileExec298374684.dir/CheckSymbolExists.cxx.o] Error 1
make[1]: se sale del directorio «/media/Datos/Desarrollo/QtSDK/StereoVision/build/CMakeFiles/CMakeTmp»
make: *** [cmTryCompileExec298374684/fast] Error 2

File /media/Datos/Desarrollo/QtSDK/StereoVision/build/CMakeFiles/CMakeTmp/CheckSymbolExists.cxx:
/* */
#include <QtCore/qglobal.h>

int main(int argc, char** argv)
{
  (void)argv;
#ifndef Q_WS_MAC
  return ((int*)(&Q_WS_MAC))[argc];
#else
  (void)argc;
  return 0;
#endif
}

